#
# There is insufficient memory for the Java Runtime Environment to continue.
# Native memory allocation (malloc) failed to allocate 1762256 bytes for Chunk::new
# Possible reasons:
#   The system is out of physical RAM or swap space
#   The process is running with CompressedOops enabled, and the Java Heap may be blocking the growth of the native heap
# Possible solutions:
#   Reduce memory load on the system
#   Increase physical memory or swap space
#   Check if swap backing store is full
#   Decrease Java heap size (-Xmx/-Xms)
#   Decrease number of Java threads
#   Decrease Java thread stack sizes (-Xss)
#   Set larger code cache with -XX:ReservedCodeCacheSize=
#   JVM is running with Unscaled Compressed Oops mode in which the Java heap is
#     placed in the first 4GB address space. The Java Heap base address is the
#     maximum limit for the native heap growth. Please use -XX:HeapBaseMinAddress
#     to set the Java Heap base and to place the Java Heap above 4GB virtual address.
# This output file may be truncated or incomplete.
#
#  Out of Memory Error (allocation.cpp:389), pid=11188, tid=0x0000000000002d5c
#
# JRE version: OpenJDK Runtime Environment (8.0_242-b01) (build 1.8.0_242-release-1644-b01)
# Java VM: OpenJDK 64-Bit Server VM (25.242-b01 mixed mode windows-amd64 compressed oops)
# Failed to write core dump. Minidumps are not enabled by default on client versions of Windows
#

---------------  T H R E A D  ---------------

Current thread (0x0000000017ab9800):  JavaThread "C2 CompilerThread1" daemon [_thread_in_native, id=11612, stack(0x00000000191f0000,0x00000000192f0000)]

Stack: [0x00000000191f0000,0x00000000192f0000]
[error occurred during error reporting (printing stack bounds), id 0xc0000005]

Native frames: (J=compiled Java code, j=interpreted, Vv=VM code, C=native code)


Current CompileTask:
C2:   8055 4378       4       org.jetbrains.org.objectweb.asm.ClassReader::readMethod (1047 bytes)


---------------  P R O C E S S  ---------------

Java Threads: ( => current thread )
  0x0000000019429000 JavaThread "Service Thread" daemon [_thread_blocked, id=11180, stack(0x00000000197f0000,0x00000000198f0000)]
  0x0000000017abd000 JavaThread "C1 CompilerThread2" daemon [_thread_in_vm, id=8972, stack(0x00000000192f0000,0x00000000193f0000)]
=>0x0000000017ab9800 JavaThread "C2 CompilerThread1" daemon [_thread_in_native, id=11612, stack(0x00000000191f0000,0x00000000192f0000)]
  0x0000000017ab3800 JavaThread "C2 CompilerThread0" daemon [_thread_blocked, id=10080, stack(0x00000000190f0000,0x00000000191f0000)]
  0x0000000017aaf000 JavaThread "Attach Listener" daemon [_thread_blocked, id=520, stack(0x0000000018ff0000,0x00000000190f0000)]
  0x0000000017aac000 JavaThread "Signal Dispatcher" daemon [_thread_blocked, id=9724, stack(0x0000000018ef0000,0x0000000018ff0000)]
  0x0000000002f6e800 JavaThread "Finalizer" daemon [_thread_blocked, id=11212, stack(0x0000000018cf0000,0x0000000018df0000)]
  0x0000000017a89000 JavaThread "Reference Handler" daemon [_thread_blocked, id=12932, stack(0x0000000018bf0000,0x0000000018cf0000)]
  0x0000000002e7a000 JavaThread "main" [_thread_blocked, id=11752, stack(0x0000000002d00000,0x0000000002e00000)]

Other Threads:
  0x0000000017a66000 VMThread [stack: 0x0000000018af0000,0x0000000018bf0000] [id=7004]
  0x0000000019429800 WatcherThread [stack: 0x00000000198f0000,0x00000000199f0000] [id=8952]

VM state:not at safepoint (normal execution)

VM Mutex/Monitor currently owned by a thread: None

heap address: 0x0000000081c00000, size: 2020 MB, Compressed Oops mode: 32-bit
Narrow klass base: 0x0000000000000000, Narrow klass shift: 3
Compressed class space size: 1073741824 Address: 0x0000000100000000

Heap:
 PSYoungGen      total 71680K, used 36406K [0x00000000d5f00000, 0x00000000dda00000, 0x0000000100000000)
  eden space 66560K, 47% used [0x00000000d5f00000,0x00000000d7d8f2d0,0x00000000da000000)
  from space 5120K, 99% used [0x00000000da000000,0x00000000da4fe5e8,0x00000000da500000)
  to   space 17408K, 0% used [0x00000000dc900000,0x00000000dc900000,0x00000000dda00000)
 ParOldGen       total 67072K, used 26307K [0x0000000081c00000, 0x0000000085d80000, 0x00000000d5f00000)
  object space 67072K, 39% used [0x0000000081c00000,0x00000000835b0c70,0x0000000085d80000)
 Metaspace       used 45002K, capacity 45824K, committed 46128K, reserved 1089536K
  class space    used 5681K, capacity 5879K, committed 5936K, reserved 1048576K

Card table byte_map: [0x0000000012330000,0x0000000012730000] byte_map_base: 0x0000000011f22000

Marking Bits: (ParMarkBitMap*) 0x0000000050acf030
 Begin Bits: [0x0000000012de0000, 0x0000000014d70000)
 End Bits:   [0x0000000014d70000, 0x0000000016d00000)

Polling page: 0x0000000000bf0000

CodeCache: size=245760Kb used=13178Kb max_used=13178Kb free=232581Kb
 bounds [0x0000000002f70000, 0x0000000003c60000, 0x0000000011f70000]
 total_blobs=4900 nmethods=4429 adapters=383
 compilation: enabled

Compilation events (10 events):
Event: 8.052 Thread 0x0000000017abd000 nmethod 4675 0x0000000003c55e10 code [0x0000000003c55f60, 0x0000000003c56070]
Event: 8.052 Thread 0x0000000017abd000 4676       1       org.jetbrains.kotlin.descriptors.impl.ValueParameterDescriptorImpl::isNoinline (5 bytes)
Event: 8.053 Thread 0x0000000017abd000 nmethod 4676 0x0000000003c560d0 code [0x0000000003c56220, 0x0000000003c56330]
Event: 8.053 Thread 0x0000000017abd000 4671       1       org.jetbrains.kotlin.load.java.lazy.JavaResolverComponents::getModuleClassResolver (5 bytes)
Event: 8.053 Thread 0x0000000017abd000 nmethod 4671 0x0000000003c56390 code [0x0000000003c564e0, 0x0000000003c565f0]
Event: 8.053 Thread 0x0000000017abd000 4672       1       org.jetbrains.kotlin.load.java.lazy.descriptors.JvmPackageScope::getJavaScope$descriptors_jvm (5 bytes)
Event: 8.053 Thread 0x0000000017abd000 nmethod 4672 0x0000000003c56650 code [0x0000000003c567a0, 0x0000000003c568b0]
Event: 8.053 Thread 0x0000000017abd000 4678       3       org.jetbrains.kotlin.descriptors.impl.SimpleFunctionDescriptorImpl::getOriginal (5 bytes)
Event: 8.053 Thread 0x0000000017abd000 nmethod 4678 0x0000000003c56910 code [0x0000000003c56ac0, 0x0000000003c57048]
Event: 8.053 Thread 0x0000000017abd000 4677       1       org.jetbrains.kotlin.load.java.lazy.types.RawSubstitution::isEmpty (2 bytes)

GC Heap History (10 events):
Event: 3.367 GC heap before
{Heap before GC invocations=5 (full 1):
 PSYoungGen      total 38400K, used 33280K [0x00000000d5f00000, 0x00000000daa00000, 0x0000000100000000)
  eden space 33280K, 100% used [0x00000000d5f00000,0x00000000d7f80000,0x00000000d7f80000)
  from space 5120K, 0% used [0x00000000d7f80000,0x00000000d7f80000,0x00000000d8480000)
  to   space 5120K, 0% used [0x00000000da500000,0x00000000da500000,0x00000000daa00000)
 ParOldGen       total 67072K, used 9279K [0x0000000081c00000, 0x0000000085d80000, 0x00000000d5f00000)
  object space 67072K, 13% used [0x0000000081c00000,0x000000008250fcd8,0x0000000085d80000)
 Metaspace       used 22957K, capacity 23464K, committed 23728K, reserved 1071104K
  class space    used 2750K, capacity 2896K, committed 2992K, reserved 1048576K
Event: 3.388 GC heap after
Heap after GC invocations=5 (full 1):
 PSYoungGen      total 53760K, used 5114K [0x00000000d5f00000, 0x00000000daa00000, 0x0000000100000000)
  eden space 48640K, 0% used [0x00000000d5f00000,0x00000000d5f00000,0x00000000d8e80000)
  from space 5120K, 99% used [0x00000000da500000,0x00000000da9fe9d0,0x00000000daa00000)
  to   space 5120K, 0% used [0x00000000da000000,0x00000000da000000,0x00000000da500000)
 ParOldGen       total 67072K, used 11034K [0x0000000081c00000, 0x0000000085d80000, 0x00000000d5f00000)
  object space 67072K, 16% used [0x0000000081c00000,0x00000000826c6900,0x0000000085d80000)
 Metaspace       used 22957K, capacity 23464K, committed 23728K, reserved 1071104K
  class space    used 2750K, capacity 2896K, committed 2992K, reserved 1048576K
}
Event: 4.489 GC heap before
{Heap before GC invocations=6 (full 1):
 PSYoungGen      total 53760K, used 53754K [0x00000000d5f00000, 0x00000000daa00000, 0x0000000100000000)
  eden space 48640K, 100% used [0x00000000d5f00000,0x00000000d8e80000,0x00000000d8e80000)
  from space 5120K, 99% used [0x00000000da500000,0x00000000da9fe9d0,0x00000000daa00000)
  to   space 5120K, 0% used [0x00000000da000000,0x00000000da000000,0x00000000da500000)
 ParOldGen       total 67072K, used 11034K [0x0000000081c00000, 0x0000000085d80000, 0x00000000d5f00000)
  object space 67072K, 16% used [0x0000000081c00000,0x00000000826c6900,0x0000000085d80000)
 Metaspace       used 31490K, capacity 31981K, committed 32432K, reserved 1077248K
  class space    used 4004K, capacity 4150K, committed 4272K, reserved 1048576K
Event: 4.511 GC heap after
Heap after GC invocations=6 (full 1):
 PSYoungGen      total 71680K, used 5114K [0x00000000d5f00000, 0x00000000dc700000, 0x0000000100000000)
  eden space 66560K, 0% used [0x00000000d5f00000,0x00000000d5f00000,0x00000000da000000)
  from space 5120K, 99% used [0x00000000da000000,0x00000000da4fe9d0,0x00000000da500000)
  to   space 17408K, 0% used [0x00000000db600000,0x00000000db600000,0x00000000dc700000)
 ParOldGen       total 67072K, used 24618K [0x0000000081c00000, 0x0000000085d80000, 0x00000000d5f00000)
  object space 67072K, 36% used [0x0000000081c00000,0x000000008340a888,0x0000000085d80000)
 Metaspace       used 31490K, capacity 31981K, committed 32432K, reserved 1077248K
  class space    used 4004K, capacity 4150K, committed 4272K, reserved 1048576K
}
Event: 4.975 GC heap before
{Heap before GC invocations=7 (full 1):
 PSYoungGen      total 71680K, used 19878K [0x00000000d5f00000, 0x00000000dc700000, 0x0000000100000000)
  eden space 66560K, 22% used [0x00000000d5f00000,0x00000000d6d6af50,0x00000000da000000)
  from space 5120K, 99% used [0x00000000da000000,0x00000000da4fe9d0,0x00000000da500000)
  to   space 17408K, 0% used [0x00000000db600000,0x00000000db600000,0x00000000dc700000)
 ParOldGen       total 67072K, used 24618K [0x0000000081c00000, 0x0000000085d80000, 0x00000000d5f00000)
  object space 67072K, 36% used [0x0000000081c00000,0x000000008340a888,0x0000000085d80000)
 Metaspace       used 34719K, capacity 35204K, committed 35496K, reserved 1081344K
  class space    used 4432K, capacity 4591K, committed 4656K, reserved 1048576K
Event: 4.991 GC heap after
Heap after GC invocations=7 (full 1):
 PSYoungGen      total 83968K, used 9214K [0x00000000d5f00000, 0x00000000dc700000, 0x0000000100000000)
  eden space 66560K, 0% used [0x00000000d5f00000,0x00000000d5f00000,0x00000000da000000)
  from space 17408K, 52% used [0x00000000db600000,0x00000000dbeff828,0x00000000dc700000)
  to   space 5120K, 0% used [0x00000000da000000,0x00000000da000000,0x00000000da500000)
 ParOldGen       total 67072K, used 24626K [0x0000000081c00000, 0x0000000085d80000, 0x00000000d5f00000)
  object space 67072K, 36% used [0x0000000081c00000,0x000000008340c888,0x0000000085d80000)
 Metaspace       used 34719K, capacity 35204K, committed 35496K, reserved 1081344K
  class space    used 4432K, capacity 4591K, committed 4656K, reserved 1048576K
}
Event: 4.991 GC heap before
{Heap before GC invocations=8 (full 2):
 PSYoungGen      total 83968K, used 9214K [0x00000000d5f00000, 0x00000000dc700000, 0x0000000100000000)
  eden space 66560K, 0% used [0x00000000d5f00000,0x00000000d5f00000,0x00000000da000000)
  from space 17408K, 52% used [0x00000000db600000,0x00000000dbeff828,0x00000000dc700000)
  to   space 5120K, 0% used [0x00000000da000000,0x00000000da000000,0x00000000da500000)
 ParOldGen       total 67072K, used 24626K [0x0000000081c00000, 0x0000000085d80000, 0x00000000d5f00000)
  object space 67072K, 36% used [0x0000000081c00000,0x000000008340c888,0x0000000085d80000)
 Metaspace       used 34719K, capacity 35204K, committed 35496K, reserved 1081344K
  class space    used 4432K, capacity 4591K, committed 4656K, reserved 1048576K
Event: 5.102 GC heap after
Heap after GC invocations=8 (full 2):
 PSYoungGen      total 83968K, used 0K [0x00000000d5f00000, 0x00000000dc700000, 0x0000000100000000)
  eden space 66560K, 0% used [0x00000000d5f00000,0x00000000d5f00000,0x00000000da000000)
  from space 17408K, 0% used [0x00000000db600000,0x00000000db600000,0x00000000dc700000)
  to   space 5120K, 0% used [0x00000000da000000,0x00000000da000000,0x00000000da500000)
 ParOldGen       total 67072K, used 18577K [0x0000000081c00000, 0x0000000085d80000, 0x00000000d5f00000)
  object space 67072K, 27% used [0x0000000081c00000,0x0000000082e24770,0x0000000085d80000)
 Metaspace       used 34719K, capacity 35204K, committed 35496K, reserved 1081344K
  class space    used 4432K, capacity 4591K, committed 4656K, reserved 1048576K
}
Event: 6.629 GC heap before
{Heap before GC invocations=9 (full 2):
 PSYoungGen      total 83968K, used 66560K [0x00000000d5f00000, 0x00000000dc700000, 0x0000000100000000)
  eden space 66560K, 100% used [0x00000000d5f00000,0x00000000da000000,0x00000000da000000)
  from space 17408K, 0% used [0x00000000db600000,0x00000000db600000,0x00000000dc700000)
  to   space 5120K, 0% used [0x00000000da000000,0x00000000da000000,0x00000000da500000)
 ParOldGen       total 67072K, used 18577K [0x0000000081c00000, 0x0000000085d80000, 0x00000000d5f00000)
  object space 67072K, 27% used [0x0000000081c00000,0x0000000082e24770,0x0000000085d80000)
 Metaspace       used 41350K, capacity 42066K, committed 42288K, reserved 1085440K
  class space    used 5214K, capacity 5406K, committed 5424K, reserved 1048576K
Event: 6.644 GC heap after
Heap after GC invocations=9 (full 2):
 PSYoungGen      total 71680K, used 5113K [0x00000000d5f00000, 0x00000000dda00000, 0x0000000100000000)
  eden space 66560K, 0% used [0x00000000d5f00000,0x00000000d5f00000,0x00000000da000000)
  from space 5120K, 99% used [0x00000000da000000,0x00000000da4fe5e8,0x00000000da500000)
  to   space 17408K, 0% used [0x00000000dc900000,0x00000000dc900000,0x00000000dda00000)
 ParOldGen       total 67072K, used 26307K [0x0000000081c00000, 0x0000000085d80000, 0x00000000d5f00000)
  object space 67072K, 39% used [0x0000000081c00000,0x00000000835b0c70,0x0000000085d80000)
 Metaspace       used 41350K, capacity 42066K, committed 42288K, reserved 1085440K
  class space    used 5214K, capacity 5406K, committed 5424K, reserved 1048576K
}

Deoptimization events (10 events):
Event: 7.084 Thread 0x0000000002e7a000 Uncommon trap: reason=bimorphic action=maybe_recompile pc=0x00000000031bf794 method=org.jetbrains.kotlin.types.checker.ClassicTypeSystemContext$DefaultImpls.typeConstructor(Lorg/jetbrains/kotlin/types/checker/ClassicTypeSystemContext;Lorg/jetbrains/kotlin
Event: 7.084 Thread 0x0000000002e7a000 Uncommon trap: reason=bimorphic action=maybe_recompile pc=0x00000000031bf794 method=org.jetbrains.kotlin.types.checker.ClassicTypeSystemContext$DefaultImpls.typeConstructor(Lorg/jetbrains/kotlin/types/checker/ClassicTypeSystemContext;Lorg/jetbrains/kotlin
Event: 7.084 Thread 0x0000000002e7a000 Uncommon trap: reason=bimorphic action=maybe_recompile pc=0x00000000031bf794 method=org.jetbrains.kotlin.types.checker.ClassicTypeSystemContext$DefaultImpls.typeConstructor(Lorg/jetbrains/kotlin/types/checker/ClassicTypeSystemContext;Lorg/jetbrains/kotlin
Event: 7.089 Thread 0x0000000002e7a000 Uncommon trap: reason=unstable_if action=reinterpret pc=0x000000000328bf5c method=org.jetbrains.kotlin.serialization.deserialization.descriptors.DeserializedPackageMemberScope.hasClass(Lorg/jetbrains/kotlin/name/Name;)Z @ 99
Event: 7.092 Thread 0x0000000002e7a000 Uncommon trap: reason=unstable_if action=reinterpret pc=0x000000000313e214 method=org.jetbrains.kotlin.serialization.deserialization.descriptors.DeserializedPackageMemberScope.hasClass(Lorg/jetbrains/kotlin/name/Name;)Z @ 99
Event: 7.376 Thread 0x0000000002e7a000 Uncommon trap: reason=unstable_if action=reinterpret pc=0x0000000003ae3c2c method=org.jetbrains.kotlin.util.slicedMap.OpenAddressLinearProbingHashTable.get(Ljava/lang/Object;)Ljava/lang/Object; @ 85
Event: 7.377 Thread 0x0000000002e7a000 Uncommon trap: reason=unstable_if action=reinterpret pc=0x0000000003ab16b0 method=org.jetbrains.kotlin.util.slicedMap.OpenAddressLinearProbingHashTable.get(Ljava/lang/Object;)Ljava/lang/Object; @ 85
Event: 7.378 Thread 0x0000000002e7a000 Uncommon trap: reason=unstable_if action=reinterpret pc=0x00000000032fa900 method=org.jetbrains.kotlin.util.slicedMap.OpenAddressLinearProbingHashTable.get(Ljava/lang/Object;)Ljava/lang/Object; @ 85
Event: 7.453 Thread 0x0000000002e7a000 Uncommon trap: reason=unstable_if action=reinterpret pc=0x00000000038dfc5c method=org.jetbrains.kotlin.com.intellij.util.text.CharArrayUtil.getChars(Ljava/lang/CharSequence;[CIII)V @ 51
Event: 7.872 Thread 0x0000000002e7a000 Uncommon trap: reason=unstable_if action=reinterpret pc=0x00000000036fe0bc method=org.jetbrains.kotlin.com.intellij.psi.tree.TokenSet.contains(Lorg/jetbrains/kotlin/com/intellij/psi/tree/IElementType;)Z @ 1

Classes redefined (0 events):
No events

Internal exceptions (10 events):
Event: 3.916 Thread 0x0000000002e7a000 Exception <a 'java/lang/ArrayIndexOutOfBoundsException': 126> (0x00000000d73b0c90) thrown at [C:\src\AOSP-openjdk-git\hotspot\src\share\vm\interpreter\interpreterRuntime.cpp, line 368]
Event: 3.916 Thread 0x0000000002e7a000 Exception <a 'java/lang/ArrayIndexOutOfBoundsException': 86> (0x00000000d73b2118) thrown at [C:\src\AOSP-openjdk-git\hotspot\src\share\vm\interpreter\interpreterRuntime.cpp, line 368]
Event: 4.899 Thread 0x0000000002e7a000 Exception <a 'java/lang/NoSuchMethodError': java.lang.Object.lambda$static$0(I)[Lorg/jetbrains/kotlin/psi/KtExpression;> (0x00000000d69bd030) thrown at [C:\src\AOSP-openjdk-git\hotspot\src\share\vm\interpreter\linkResolver.cpp, line 620]
Event: 4.964 Thread 0x0000000002e7a000 Exception <a 'java/lang/NoSuchMethodError': java.lang.Object.lambda$static$0(I)[Lorg/jetbrains/kotlin/psi/KtDeclaration;> (0x00000000d6c664b8) thrown at [C:\src\AOSP-openjdk-git\hotspot\src\share\vm\interpreter\linkResolver.cpp, line 620]
Event: 5.124 Thread 0x0000000002e7a000 Exception <a 'java/lang/NoSuchMethodError': java.lang.Object.lambda$static$0(I)[Lorg/jetbrains/kotlin/psi/KtTypeElement;> (0x00000000d5ffcbb0) thrown at [C:\src\AOSP-openjdk-git\hotspot\src\share\vm\interpreter\linkResolver.cpp, line 620]
Event: 5.736 Thread 0x0000000002e7a000 Exception <a 'java/lang/NoSuchMethodError': java.lang.Object.lambda$static$0(I)[Lorg/jetbrains/kotlin/com/intellij/psi/PsiClass;> (0x00000000d772c610) thrown at [C:\src\AOSP-openjdk-git\hotspot\src\share\vm\interpreter\linkResolver.cpp, line 620]
Event: 6.093 Thread 0x0000000002e7a000 Implicit null exception at 0x0000000003693938 to 0x0000000003694291
Event: 6.093 Thread 0x0000000002e7a000 Implicit null exception at 0x0000000003399bbb to 0x000000000339a20d
Event: 7.815 Thread 0x0000000002e7a000 Exception <a 'java/lang/IncompatibleClassChangeError': Found class java.lang.Object, but interface was expected> (0x00000000d7a1f6a8) thrown at [C:\src\AOSP-openjdk-git\hotspot\src\share\vm\interpreter\linkResolver.cpp, line 653]
Event: 7.872 Thread 0x0000000002e7a000 Implicit null exception at 0x00000000036fdfcc to 0x00000000036fe0a9

Events (10 events):
Event: 8.026 loading class org/jetbrains/kotlin/resolve/jvm/checkers/JavaNullabilityChecker$checkType$6$2
Event: 8.026 loading class org/jetbrains/kotlin/resolve/jvm/checkers/JavaNullabilityChecker$checkType$6$2 done
Event: 8.028 loading class org/jetbrains/kotlin/resolve/calls/smartcasts/Nullability$1
Event: 8.028 loading class org/jetbrains/kotlin/resolve/calls/smartcasts/Nullability$1 done
Event: 8.030 loading class org/jetbrains/kotlin/contracts/model/functors/EqualsFunctor
Event: 8.030 loading class org/jetbrains/kotlin/contracts/model/functors/EqualsFunctor done
Event: 8.031 loading class javaslang/collection/HashArrayMappedTrieModule$LeafNodeIterator
Event: 8.031 loading class javaslang/collection/HashArrayMappedTrieModule$LeafNodeIterator done
Event: 8.037 loading class java/lang/StringIndexOutOfBoundsException
Event: 8.038 loading class java/lang/StringIndexOutOfBoundsException done


Dynamic libraries:
0x00007ff66b760000 - 0x00007ff66b791000 	C:\Program Files\Android\Android Studio\jre\jre\bin\java.exe
0x00007ffd303e0000 - 0x00007ffd305d0000 	C:\WINDOWS\SYSTEM32\ntdll.dll
0x00007ffd2efc0000 - 0x00007ffd2f072000 	C:\WINDOWS\System32\KERNEL32.DLL
0x00007ffd2d530000 - 0x00007ffd2d7d4000 	C:\WINDOWS\System32\KERNELBASE.dll
0x00007ffd2fdb0000 - 0x00007ffd2fe53000 	C:\WINDOWS\System32\ADVAPI32.dll
0x00007ffd2f670000 - 0x00007ffd2f70e000 	C:\WINDOWS\System32\msvcrt.dll
0x00007ffd2e7a0000 - 0x00007ffd2e837000 	C:\WINDOWS\System32\sechost.dll
0x00007ffd2e620000 - 0x00007ffd2e740000 	C:\WINDOWS\System32\RPCRT4.dll
0x00007ffd2fef0000 - 0x00007ffd30084000 	C:\WINDOWS\System32\USER32.dll
0x00007ffd2e360000 - 0x00007ffd2e381000 	C:\WINDOWS\System32\win32u.dll
0x00007ffd2e560000 - 0x00007ffd2e586000 	C:\WINDOWS\System32\GDI32.dll
0x00007ffd2d390000 - 0x00007ffd2d525000 	C:\WINDOWS\System32\gdi32full.dll
0x00007ffd2e3f0000 - 0x00007ffd2e48e000 	C:\WINDOWS\System32\msvcp_win.dll
0x00007ffd2e260000 - 0x00007ffd2e35a000 	C:\WINDOWS\System32\ucrtbase.dll
0x00007ffd21870000 - 0x00007ffd21af4000 	C:\WINDOWS\WinSxS\amd64_microsoft.windows.common-controls_6595b64144ccf1df_6.0.18362.900_none_e6beb9d913147d17\COMCTL32.dll
0x00007ffd2fa50000 - 0x00007ffd2fd85000 	C:\WINDOWS\System32\combase.dll
0x00007ffd2e1e0000 - 0x00007ffd2e260000 	C:\WINDOWS\System32\bcryptPrimitives.dll
0x00007ffd2fe60000 - 0x00007ffd2fe8e000 	C:\WINDOWS\System32\IMM32.DLL
0x0000000050140000 - 0x0000000050212000 	C:\Program Files\Android\Android Studio\jre\jre\bin\msvcr100.dll
0x0000000050300000 - 0x0000000050b4b000 	C:\Program Files\Android\Android Studio\jre\jre\bin\server\jvm.dll
0x00007ffd2e610000 - 0x00007ffd2e618000 	C:\WINDOWS\System32\PSAPI.DLL
0x00007ffd24180000 - 0x00007ffd241a4000 	C:\WINDOWS\SYSTEM32\WINMM.dll
0x00007ffd24c50000 - 0x00007ffd24c5a000 	C:\WINDOWS\SYSTEM32\VERSION.dll
0x00007ffd24150000 - 0x00007ffd2417d000 	C:\WINDOWS\SYSTEM32\WINMMBASE.dll
0x00007ffd2e0e0000 - 0x00007ffd2e12a000 	C:\WINDOWS\System32\cfgmgr32.dll
0x00007ffd1c460000 - 0x00007ffd1c469000 	C:\WINDOWS\SYSTEM32\WSOCK32.dll
0x00007ffd2f080000 - 0x00007ffd2f0ef000 	C:\WINDOWS\System32\WS2_32.dll
0x00007ffd29560000 - 0x00007ffd2956f000 	C:\Program Files\Android\Android Studio\jre\jre\bin\verify.dll
0x00007ffd27070000 - 0x00007ffd27099000 	C:\Program Files\Android\Android Studio\jre\jre\bin\java.dll
0x00007ffd27020000 - 0x00007ffd27036000 	C:\Program Files\Android\Android Studio\jre\jre\bin\zip.dll
0x00007ffd2e8d0000 - 0x00007ffd2efb6000 	C:\WINDOWS\System32\SHELL32.dll
0x00007ffd2f720000 - 0x00007ffd2f7c9000 	C:\WINDOWS\System32\shcore.dll
0x00007ffd2d960000 - 0x00007ffd2e0e0000 	C:\WINDOWS\System32\windows.storage.dll
0x00007ffd2d2b0000 - 0x00007ffd2d2d3000 	C:\WINDOWS\System32\profapi.dll
0x00007ffd2d2e0000 - 0x00007ffd2d32a000 	C:\WINDOWS\System32\powrprof.dll
0x00007ffd2d2a0000 - 0x00007ffd2d2b0000 	C:\WINDOWS\System32\UMPDC.dll
0x00007ffd2fe90000 - 0x00007ffd2fee2000 	C:\WINDOWS\System32\shlwapi.dll
0x00007ffd2d350000 - 0x00007ffd2d361000 	C:\WINDOWS\System32\kernel.appcore.dll
0x00007ffd2d370000 - 0x00007ffd2d387000 	C:\WINDOWS\System32\cryptsp.dll
0x00007ffd240b0000 - 0x00007ffd240ca000 	C:\Program Files\Android\Android Studio\jre\jre\bin\net.dll
0x00007ffd2cab0000 - 0x00007ffd2cb17000 	C:\WINDOWS\system32\mswsock.dll
0x00007ffd24090000 - 0x00007ffd240a3000 	C:\Program Files\Android\Android Studio\jre\jre\bin\nio.dll

VM Arguments:
java_command: org.jetbrains.kotlin.cli.jvm.K2JVMCompiler -Xallow-no-source-files -classpath C:\Users\Raja Qammer\AndroidStudioProjects\EnglishtoTeluguKeyboard\app\build\intermediates\compile_and_runtime_not_namespaced_r_class_jar\debug\R.jar;C:\Users\Raja Qammer\.gradle\caches\transforms-2\files-2.1\d8ecf77db437180f5945578a4d2539b5\jetified-kotlin-android-extensions-runtime-1.3.72.jar;C:\Users\Raja Qammer\.gradle\caches\transforms-2\files-2.1\3dd4eaef2f6be6ebcf7e4cff78597afe\jetified-okhttp-4.7.2.jar;C:\Users\Raja Qammer\.gradle\caches\transforms-2\files-2.1\67e2ae19809ee23e5e260c6336b60818\jetified-lottie-3.4.1-api.jar;C:\Users\Raja Qammer\.gradle\caches\transforms-2\files-2.1\49589cf4e5cf057c26d7202970f985af\jetified-okio-jvm-2.6.0.jar;C:\Users\Raja Qammer\.gradle\caches\transforms-2\files-2.1\d7918a34a298ce6afd050963fe8285f4\jetified-kotlin-stdlib-1.3.72.jar;C:\Users\Raja Qammer\.gradle\caches\transforms-2\files-2.1\7a610442c037d944b5571b97c8bc4008\jetified-kotlin-stdlib-common-1.3.72.jar;C:\Users\Raja Qammer\.gradle\caches\transforms-2\files-2.1\b5ebe2cccd14b8a63e84eff597aa9d39\jetified-annotations-13.0.jar;C:\Users\Raja Qammer\.gradle\caches\transforms-2\files-2.1\47f52d5b897e38a10b709c7d7c7f5891\jetified-tapbarmenu-1.0.5-api.jar;C:\Users\Raja Qammer\.gradle\caches\transforms-2\files-2.1\eeef0f21405bb287bcf148925f3e5e91\material-1.1.0-api.jar;C:\Users\Raja Qammer\.gradle\caches\transforms-2\files-2.1\1bd6b9116f1f7d56fc71c22bce30b379\jetified-vector-compat-1.0.5-api.jar;C:\Users\Raja Qammer\.gradle\caches\transforms-2\files-2.1\6346ad293ce0dc7ca4519590745d37e2\appcompat-1.1.0-api.jar;C:\Users\Raja Qammer\.gradle\caches\transforms-2\files-2.1\d0c63a7a101654decc65ae73e9257b33\jetified-viewpager2-1.0.0-api.jar;C:\Users\Raja Qammer\.gradle\caches\transforms-2\files-2.1\b6bed05d1c4106fab5126f54516d34fa\recyclerview-1.1.0-api.jar;C:\Users\Raja Qammer\.gradle\caches\transforms-2\files-2.1\a654dbdeb19d276b1e74544c5dcd40fe\cardview-1.0.0-api.jar;C:\Users\Raja Qammer\.g
java_class_path (initial): C:\Users\Raja Qammer\.gradle\caches\modules-2\files-2.1\org.jetbrains.kotlin\kotlin-compiler-embeddable\1.3.72\fb72232c8fa977d5e07d33c43381ddbdc5edab6\kotlin-compiler-embeddable-1.3.72.jar;C:\Users\Raja Qammer\.gradle\caches\modules-2\files-2.1\org.jetbrains.kotlin\kotlin-reflect\1.3.72\86613e1a669a701b0c660bfd2af4f82a7ae11fca\kotlin-reflect-1.3.72.jar;C:\Users\Raja Qammer\.gradle\caches\modules-2\files-2.1\org.jetbrains.kotlin\kotlin-stdlib\1.3.72\8032138f12c0180bc4e51fe139d4c52b46db6109\kotlin-stdlib-1.3.72.jar;C:\Users\Raja Qammer\.gradle\caches\modules-2\files-2.1\org.jetbrains.kotlin\kotlin-script-runtime\1.3.72\657d8d34d91e1964b4439378c09933e840bfe8d5\kotlin-script-runtime-1.3.72.jar;C:\Users\Raja Qammer\.gradle\caches\modules-2\files-2.1\org.jetbrains.kotlin\kotlin-daemon-embeddable\1.3.72\53bbaa2816dbf6bdb85f629451b1fcc88f2164d2\kotlin-daemon-embeddable-1.3.72.jar;C:\Users\Raja Qammer\.gradle\caches\modules-2\files-2.1\org.jetbrains.intellij.deps\trove4j\1.0.20181211\216c2e14b070f334479d800987affe4054cd563f\trove4j-1.0.20181211.jar;C:\Users\Raja Qammer\.gradle\caches\modules-2\files-2.1\org.jetbrains.kotlin\kotlin-stdlib-common\1.3.72\6ca8bee3d88957eaaaef077c41c908c9940492d8\kotlin-stdlib-common-1.3.72.jar;C:\Users\Raja Qammer\.gradle\caches\modules-2\files-2.1\org.jetbrains\annotations\13.0\919f0dfe192fb4e063e7dacadee7f8bb9a2672a9\annotations-13.0.jar;C:\Program Files\Android\Android Studio\jre\lib\tools.jar
Launcher Type: SUN_STANDARD

Environment Variables:
PATH=C:\Program Files (x86)\Common Files\Oracle\Java\javapath;C:\WINDOWS\system32;C:\WINDOWS;C:\WINDOWS\System32\Wbem;C:\WINDOWS\System32\WindowsPowerShell\v1.0\;C:\WINDOWS\System32\OpenSSH\;F:\xampp\php;C:\ProgramData\ComposerSetup\bin;C:\Users\Raja Qammer\AppData\Local\Microsoft\WindowsApps;C:\Users\Raja Qammer\AppData\Roaming\Composer\vendor\bin;
USERNAME=Raja Qammer
OS=Windows_NT
PROCESSOR_IDENTIFIER=Intel64 Family 6 Model 58 Stepping 9, GenuineIntel



---------------  S Y S T E M  ---------------

OS: Windows 10.0 , 64 bit Build 18362 (10.0.18362.900)

CPU:total 4 (initial active 4) (2 cores per cpu, 2 threads per core) family 6 model 58 stepping 9, cmov, cx8, fxsr, mmx, sse, sse2, sse3, ssse3, sse4.1, sse4.2, popcnt, avx, aes, clmul, erms, ht, tsc, tscinvbit, tscinv

Memory: 4k page, physical 8273256k(547964k free), swap 11345256k(6824k free)

vm_info: OpenJDK 64-Bit Server VM (25.242-b01) for windows-amd64 JRE (1.8.0_242-release-1644-b01), built by "builder" with MS VC++ 10.0 (VS2010)

time: Thu Jul 02 12:10:28 2020
timezone: Pakistan Standard Time
elapsed time: 8 seconds (0d 0h 0m 8s)

